<?xml version="1.0" encoding="UTF-8"?>
<coverage generated="1675772989700" clover="3.2.0">
  <project timestamp="1675772989700" name="All files">
    <metrics statements="18" coveredstatements="18" conditionals="8" coveredconditionals="8" methods="10" coveredmethods="10" elements="36" coveredelements="36" complexity="0" loc="18" ncloc="18" packages="1" files="2" classes="2"/>
    <file name="friendsList.js" path="/Users/gaspar/Desktop/FULL-STACK/javascript/13.testing/friendsList.js">
      <metrics statements="8" coveredstatements="8" conditionals="0" coveredconditionals="0" methods="8" coveredmethods="8"/>
      <line num="5" count="5" type="stmt"/>
      <line num="8" count="7" type="stmt"/>
      <line num="13" count="7" type="stmt"/>
      <line num="16" count="1" type="stmt"/>
      <line num="17" count="1" type="stmt"/>
      <line num="20" count="1" type="stmt"/>
      <line num="21" count="1" type="stmt"/>
      <line num="24" count="1" type="stmt"/>
    </file>
    <file name="functions.js" path="/Users/gaspar/Desktop/FULL-STACK/javascript/13.testing/functions.js">
      <metrics statements="10" coveredstatements="10" conditionals="8" coveredconditionals="8" methods="2" coveredmethods="2"/>
      <line num="2" count="3" type="cond" truecount="2" falsecount="0"/>
      <line num="3" count="1" type="stmt"/>
      <line num="5" count="2" type="cond" truecount="2" falsecount="0"/>
      <line num="6" count="1" type="stmt"/>
      <line num="8" count="1" type="stmt"/>
      <line num="12" count="3" type="cond" truecount="2" falsecount="0"/>
      <line num="13" count="1" type="stmt"/>
      <line num="15" count="2" type="cond" truecount="2" falsecount="0"/>
      <line num="16" count="1" type="stmt"/>
      <line num="18" count="1" type="stmt"/>
    </file>
  </project>
</coverage>
