TN:
SF:friendsList.js
FN:4,(anonymous_0)
FN:7,(anonymous_1)
FN:15,(anonymous_2)
FN:16,(anonymous_3)
FN:19,(anonymous_4)
FN:20,(anonymous_5)
FN:23,(anonymous_6)
FN:24,(anonymous_7)
FNF:8
FNH:8
FNDA:5,(anonymous_0)
FNDA:7,(anonymous_1)
FNDA:1,(anonymous_2)
FNDA:1,(anonymous_3)
FNDA:1,(anonymous_4)
FNDA:1,(anonymous_5)
FNDA:1,(anonymous_6)
FNDA:1,(anonymous_7)
DA:5,5
DA:8,7
DA:13,7
DA:16,1
DA:17,1
DA:20,1
DA:21,1
DA:24,1
LF:8
LH:8
BRF:0
BRH:0
end_of_record
TN:
SF:functions.js
FN:1,sum
FN:11,product
FNF:2
FNH:2
FNDA:3,sum
FNDA:3,product
DA:2,3
DA:3,1
DA:5,2
DA:6,1
DA:8,1
DA:12,3
DA:13,1
DA:15,2
DA:16,1
DA:18,1
LF:10
LH:10
BRDA:2,0,0,1
BRDA:2,0,1,2
BRDA:5,1,0,1
BRDA:5,1,1,1
BRDA:12,2,0,1
BRDA:12,2,1,2
BRDA:15,3,0,1
BRDA:15,3,1,1
BRF:8
BRH:8
end_of_record
